<?xml version="1.0" encoding="UTF-8"?>
<!-- Generated by org.testng.reporters.JUnitXMLReporter -->
<testsuite hostname="DESKTOP-L5PC32J" ignored="0" name="IETest" tests="1" failures="0" timestamp="04 May 2019 10:03:19 GMT" time="0.04" errors="0">
  <testcase name="@BeforeClass beforeClass" time="0.011" classname="multiBrowserTesting.CrossBrowser">
    <failure type="java.lang.NullPointerException">
      <![CDATA[java.lang.NullPointerException
at multiBrowserTesting.CrossBrowser.beforeClass(CrossBrowser.java:41)
at java.util.concurrent.FutureTask.run(FutureTask.java:266)
at java.util.concurrent.ThreadPoolExecutor.runWorker(ThreadPoolExecutor.java:1149)
at java.util.concurrent.ThreadPoolExecutor$Worker.run(ThreadPoolExecutor.java:624)
at java.lang.Thread.run(Thread.java:748)
... Removed 17 stack frames]]>
    </failure>
  </testcase> <!-- @BeforeClass beforeClass -->
  <testcase name="@AfterClass afterClass" time="0.0" classname="multiBrowserTesting.CrossBrowser">
    <skipped/>
  </testcase> <!-- @AfterClass afterClass -->
  <testcase name="login" time="0.0" classname="multiBrowserTesting.CrossBrowser">
    <skipped/>
  </testcase> <!-- login -->
</testsuite> <!-- IETest -->
